dos2unix: converting file ./_nanorc to Unix format ...
dos2unix: converting file ./_profile to Unix format ...
dos2unix: converting file ./_gvimrc to Unix format ...
dos2unix: converting file ./_bash_profile to Unix format ...
dos2unix: converting file ./vimfiles/ftplugin/php_enhcomm.vim to Unix format ...
dos2unix: converting file ./vimfiles/ftplugin/ocaml_enhcomm.vim to Unix format ...
dos2unix: converting file ./vimfiles/doc/easygrep.txt to Unix format ...
dos2unix: converting file ./vimfiles/doc/enhancedcommentify.txt to Unix format ...
dos2unix: converting file ./vimfiles/doc/tags-ja to Unix format ...
dos2unix: converting file ./vimfiles/doc/easy_align.txt to Unix format ...
dos2unix: converting file ./vimfiles/doc/delimitMate.txt to Unix format ...
dos2unix: converting file ./vimfiles/doc/acp.jax to Unix format ...
dos2unix: converting file ./vimfiles/doc/tags to Unix format ...
dos2unix: converting file ./vimfiles/doc/signature.txt to Unix format ...
dos2unix: converting file ./vimfiles/doc/acp.txt to Unix format ...
dos2unix: converting file ./vimfiles/indent/javascript.vim to Unix format ...
dos2unix: converting file ./vimfiles/colors/desertink.vim to Unix format ...
dos2unix: converting file ./vimfiles/colors/solarized.vim to Unix format ...
dos2unix: converting file ./vimfiles/colors/monokai.vim to Unix format ...
dos2unix: converting file ./vimfiles/colors/candy.vim to Unix format ...
dos2unix: converting file ./vimfiles/colors/desert.vim to Unix format ...
dos2unix: converting file ./vimfiles/colors/molokai.vim to Unix format ...
dos2unix: converting file ./vimfiles/colors/hemisu.vim to Unix format ...
dos2unix: converting file ./vimfiles/colors/wombat.vim to Unix format ...
dos2unix: converting file ./vimfiles/.VimballRecord to Unix format ...
dos2unix: converting file ./vimfiles/plugin/simple-todo.vim to Unix format ...
dos2unix: converting file ./vimfiles/plugin/tasklist.vim to Unix format ...
dos2unix: Binary symbol 0x05 found at line 2595
dos2unix: Skipping binary file ./vimfiles/plugin/easygrep.vim
dos2unix: converting file ./vimfiles/plugin/bufgrep.vim to Unix format ...
dos2unix: converting file ./vimfiles/plugin/signature.vim to Unix format ...
dos2unix: converting file ./vimfiles/plugin/acp.vim to Unix format ...
dos2unix: converting file ./vimfiles/plugin/easygrepfileassociations to Unix format ...
dos2unix: converting file ./vimfiles/plugin/easy_align.vim to Unix format ...
dos2unix: converting file ./vimfiles/plugin/mru.vim to Unix format ...
dos2unix: converting file ./vimfiles/plugin/enhancedcommentify.vim to Unix format ...
dos2unix: converting file ./vimfiles/plugin/delimitMate.vim to Unix format ...
dos2unix: converting file ./vimfiles/autoload/signature.vim to Unix format ...
dos2unix: converting file ./vimfiles/autoload/acp.vim to Unix format ...
dos2unix: converting file ./vimfiles/autoload/easy_align.vim to Unix format ...
dos2unix: converting file ./vimfiles/autoload/delimitMate.vim to Unix format ...
dos2unix: converting file ./_vimrc to Unix format ...
dos2unix: problems renaming './d2utmpNrMfqt' to './_vrapperrc': Device or resource busy
          output file remains in './d2utmpNrMfqt'
dos2unix: converting file ./_vrapperrc to Unix format ...
dos2unix: problems converting file ./_vrapperrc
dos2unix: converting file ./vim_shortcuts.txt to Unix format ...
dos2unix: problems renaming './d2utmprN9Gdh' to './nohup.out': Device or resource busy
          output file remains in './d2utmprN9Gdh'
dos2unix: converting file ./nohup.out to Unix format ...
dos2unix: problems converting file ./nohup.out
