dos2unix: converting file ./ftplugin/php_enhcomm.vim to Unix format ...
dos2unix: converting file ./ftplugin/ocaml_enhcomm.vim to Unix format ...
dos2unix: converting file ./doc/easygrep.txt to Unix format ...
dos2unix: converting file ./doc/enhancedcommentify.txt to Unix format ...
dos2unix: converting file ./doc/tags-ja to Unix format ...
dos2unix: converting file ./doc/easy_align.txt to Unix format ...
dos2unix: converting file ./doc/delimitMate.txt to Unix format ...
dos2unix: converting file ./doc/acp.jax to Unix format ...
dos2unix: converting file ./doc/tags to Unix format ...
dos2unix: converting file ./doc/signature.txt to Unix format ...
dos2unix: converting file ./doc/acp.txt to Unix format ...
dos2unix: converting file ./indent/javascript.vim to Unix format ...
dos2unix: converting file ./colors/desertink.vim to Unix format ...
dos2unix: converting file ./colors/solarized.vim to Unix format ...
dos2unix: converting file ./colors/monokai.vim to Unix format ...
dos2unix: converting file ./colors/candy.vim to Unix format ...
dos2unix: converting file ./colors/desert.vim to Unix format ...
dos2unix: converting file ./colors/molokai.vim to Unix format ...
dos2unix: converting file ./colors/hemisu.vim to Unix format ...
dos2unix: converting file ./colors/wombat.vim to Unix format ...
dos2unix: converting file ./.VimballRecord to Unix format ...
dos2unix: converting file ./plugin/simple-todo.vim to Unix format ...
dos2unix: converting file ./plugin/tasklist.vim to Unix format ...
dos2unix: Binary symbol 0x05 found at line 2595
dos2unix: Skipping binary file ./plugin/easygrep.vim
dos2unix: converting file ./plugin/bufgrep.vim to Unix format ...
dos2unix: converting file ./plugin/signature.vim to Unix format ...
dos2unix: converting file ./plugin/acp.vim to Unix format ...
dos2unix: converting file ./plugin/easygrepfileassociations to Unix format ...
dos2unix: converting file ./plugin/easy_align.vim to Unix format ...
dos2unix: converting file ./plugin/mru.vim to Unix format ...
dos2unix: converting file ./plugin/enhancedcommentify.vim to Unix format ...
dos2unix: converting file ./plugin/delimitMate.vim to Unix format ...
dos2unix: converting file ./autoload/signature.vim to Unix format ...
dos2unix: converting file ./autoload/acp.vim to Unix format ...
dos2unix: converting file ./autoload/easy_align.vim to Unix format ...
dos2unix: converting file ./autoload/delimitMate.vim to Unix format ...
dos2unix: problems renaming './d2utmpdOitjq' to './nohup.out': Device or resource busy
          output file remains in './d2utmpdOitjq'
dos2unix: converting file ./nohup.out to Unix format ...
dos2unix: problems converting file ./nohup.out
